app/build/intermediates/manifest_merge_blame_file/release/manifest-merger-blame-release-report.txt
1<?xml version="1.0" encoding="utf-8"?>
2<manifest xmlns:android="http://schemas.android.com/apk/res/android"
3    package="com.boxico.android.kn.kncontacts"
4    android:versionCode="2"
5    android:versionName="1.0" >
6
7    <uses-sdk
8        android:minSdkVersion="19"
8-->src/main/AndroidManifest.xml
9        android:targetSdkVersion="29" />
9-->src/main/AndroidManifest.xml
10
11    <uses-permission android:name="android.permission.READ_CONTACTS" />
11-->src/main/AndroidManifest.xml:8:5-71
11-->src/main/AndroidManifest.xml:8:22-69
12    <uses-permission android:name="android.permission.CALL_PHONE" />
12-->src/main/AndroidManifest.xml:9:2-66
12-->src/main/AndroidManifest.xml:9:19-63
13    <uses-permission android:name="android.permission.INTERNET" />
13-->src/main/AndroidManifest.xml:10:2-64
13-->src/main/AndroidManifest.xml:10:19-61
14    <uses-permission android:name="android.permission.WRITE_EXTERNAL_STORAGE" />
14-->src/main/AndroidManifest.xml:13:2-78
14-->src/main/AndroidManifest.xml:13:19-75
15    <uses-permission android:name="android.permission.READ_EXTERNAL_STORAGE" />
15-->src/main/AndroidManifest.xml:14:2-77
15-->src/main/AndroidManifest.xml:14:19-74
16    <uses-permission android:name="android.permission.CAMERA" />
16-->src/main/AndroidManifest.xml:15:2-61
16-->src/main/AndroidManifest.xml:15:19-59
17
18    <uses-feature
18-->src/main/AndroidManifest.xml:18:2-19:30
19        android:name="android.hardware.telephony"
19-->src/main/AndroidManifest.xml:18:16-57
20        android:required="false" />
20-->src/main/AndroidManifest.xml:19:3-27
21    <uses-feature
21-->src/main/AndroidManifest.xml:20:2-21:29
22        android:name="android.hardware.touchscreen"
22-->src/main/AndroidManifest.xml:20:16-59
23        android:required="true" />
23-->src/main/AndroidManifest.xml:21:3-26
24
25    <application
25-->src/main/AndroidManifest.xml:24:2-107:16
26        android:allowBackup="true"
26-->src/main/AndroidManifest.xml:29:3-29
27        android:fullBackupContent="@xml/backup_descriptor"
27-->src/main/AndroidManifest.xml:28:3-53
28        android:hardwareAccelerated="false"
28-->src/main/AndroidManifest.xml:30:3-38
29        android:icon="@mipmap/ic_launcher"
29-->src/main/AndroidManifest.xml:24:15-49
30        android:label="@string/app_name"
30-->src/main/AndroidManifest.xml:25:3-35
31        android:largeHeap="true"
31-->src/main/AndroidManifest.xml:31:3-27
32        android:supportsRtl="true" >
32-->src/main/AndroidManifest.xml:26:3-29
33        <activity
33-->src/main/AndroidManifest.xml:36:3-44:14
34            android:name="com.boxico.android.kn.kncontacts.InitActivity"
34-->src/main/AndroidManifest.xml:36:13-73
35            android:screenOrientation="portrait" >
35-->src/main/AndroidManifest.xml:36:74-110
36            <intent-filter>
36-->src/main/AndroidManifest.xml:37:4-40:20
37                <action android:name="android.intent.action.MAIN" />
37-->src/main/AndroidManifest.xml:38:5-57
37-->src/main/AndroidManifest.xml:38:13-54
38
39                <category android:name="android.intent.category.LAUNCHER" />
39-->src/main/AndroidManifest.xml:39:5-65
39-->src/main/AndroidManifest.xml:39:15-62
40            </intent-filter>
41            <intent-filter>
41-->src/main/AndroidManifest.xml:41:4-43:20
42                <action android:name="android.permission.READ_CONTACTS" />
42-->src/main/AndroidManifest.xml:42:5-63
42-->src/main/AndroidManifest.xml:42:13-60
43            </intent-filter>
44        </activity>
45        <activity
45-->src/main/AndroidManifest.xml:45:3-53:14
46            android:name="com.boxico.android.kn.kncontacts.ListadoPersonaActivity"
46-->src/main/AndroidManifest.xml:45:13-83
47            android:screenOrientation="portrait" >
47-->src/main/AndroidManifest.xml:45:84-120
48            <intent-filter>
48-->src/main/AndroidManifest.xml:41:4-43:20
49                <action android:name="android.permission.READ_CONTACTS" />
49-->src/main/AndroidManifest.xml:42:5-63
49-->src/main/AndroidManifest.xml:42:13-60
50            </intent-filter>
51            <intent-filter>
51-->src/main/AndroidManifest.xml:49:4-51:20
52                <action android:name="android.permission.WRITE_EXTERNAL_STORAGE" />
52-->src/main/AndroidManifest.xml:50:5-72
52-->src/main/AndroidManifest.xml:50:13-69
53            </intent-filter>
54        </activity>
55        <activity
55-->src/main/AndroidManifest.xml:54:3-61:14
56            android:name="com.boxico.android.kn.kncontacts.DetallePersonaActivity"
56-->src/main/AndroidManifest.xml:54:13-83
57            android:screenOrientation="portrait" >
57-->src/main/AndroidManifest.xml:54:84-120
58            <intent-filter>
58-->src/main/AndroidManifest.xml:55:4-57:20
59                <action android:name="android.permission.CALL_PHONE" />
59-->src/main/AndroidManifest.xml:56:5-60
59-->src/main/AndroidManifest.xml:56:13-57
60            </intent-filter>
61            <intent-filter>
61-->src/main/AndroidManifest.xml:41:4-43:20
62                <action android:name="android.permission.READ_CONTACTS" />
62-->src/main/AndroidManifest.xml:42:5-63
62-->src/main/AndroidManifest.xml:42:13-60
63            </intent-filter>
64        </activity>
65        <activity
65-->src/main/AndroidManifest.xml:62:3-63:14
66            android:name="com.boxico.android.kn.kncontacts.ListadoCategoriaActivity"
66-->src/main/AndroidManifest.xml:62:13-85
67            android:screenOrientation="portrait" >
67-->src/main/AndroidManifest.xml:62:86-122
68        </activity>
69        <activity
69-->src/main/AndroidManifest.xml:64:3-67:64
70            android:name="com.boxico.android.kn.kncontacts.AltaPersonaActivity"
70-->src/main/AndroidManifest.xml:65:4-71
71            android:screenOrientation="portrait"
71-->src/main/AndroidManifest.xml:66:4-40
72            android:windowSoftInputMode="stateAlwaysHidden|adjustPan" />
72-->src/main/AndroidManifest.xml:67:4-61
73        <activity
73-->src/main/AndroidManifest.xml:69:3-70:14
74            android:name="com.boxico.android.kn.kncontacts.AboutMeActivity"
74-->src/main/AndroidManifest.xml:69:13-76
75            android:screenOrientation="portrait" >
75-->src/main/AndroidManifest.xml:69:77-113
76        </activity>
77        <activity
77-->src/main/AndroidManifest.xml:72:3-73:14
78            android:name="com.boxico.android.kn.kncontacts.ProteccionCategoriaActivity"
78-->src/main/AndroidManifest.xml:72:13-88
79            android:screenOrientation="portrait" >
79-->src/main/AndroidManifest.xml:72:89-125
80        </activity>
81        <activity
81-->src/main/AndroidManifest.xml:75:3-76:14
82            android:name="com.boxico.android.kn.kncontacts.ActivarContraseniaActivity"
82-->src/main/AndroidManifest.xml:75:13-87
83            android:screenOrientation="portrait" >
83-->src/main/AndroidManifest.xml:75:88-124
84        </activity>
85        <activity
85-->src/main/AndroidManifest.xml:78:3-85:14
86            android:name="com.boxico.android.kn.kncontacts.PhotoActivity"
86-->src/main/AndroidManifest.xml:78:13-74
87            android:screenOrientation="portrait" >
87-->src/main/AndroidManifest.xml:78:75-111
88            <intent-filter>
88-->src/main/AndroidManifest.xml:79:4-81:20
89                <action android:name="android.permission.READ_EXTERNAL_STORAGE" />
89-->src/main/AndroidManifest.xml:80:5-71
89-->src/main/AndroidManifest.xml:80:13-68
90            </intent-filter>
91            <intent-filter>
91-->src/main/AndroidManifest.xml:49:4-51:20
92                <action android:name="android.permission.WRITE_EXTERNAL_STORAGE" />
92-->src/main/AndroidManifest.xml:50:5-72
92-->src/main/AndroidManifest.xml:50:13-69
93            </intent-filter>
94        </activity>
95        <activity
95-->src/main/AndroidManifest.xml:87:3-92:14
96            android:name="com.boxico.android.kn.kncontacts.ImportarContactoActivity"
96-->src/main/AndroidManifest.xml:87:13-85
97            android:screenOrientation="portrait"
97-->src/main/AndroidManifest.xml:87:86-122
98            android:windowSoftInputMode="stateAlwaysHidden|adjustPan" >
98-->src/main/AndroidManifest.xml:88:4-61
99            <intent-filter>
99-->src/main/AndroidManifest.xml:41:4-43:20
100                <action android:name="android.permission.READ_CONTACTS" />
100-->src/main/AndroidManifest.xml:42:5-63
100-->src/main/AndroidManifest.xml:42:13-60
101            </intent-filter>
102        </activity>
103        <activity
103-->src/main/AndroidManifest.xml:94:3-95:14
104            android:name="com.boxico.android.kn.kncontacts.MenuPersonaActivity"
104-->src/main/AndroidManifest.xml:94:13-80
105            android:screenOrientation="portrait" >
105-->src/main/AndroidManifest.xml:94:81-117
106        </activity>
107
108        <provider
109            android:name="com.boxico.android.kn.kncontacts.util.GenericFileProvider"
109-->src/main/AndroidManifest.xml:98:4-76
110            android:authorities="com.boxico.android.kn.kncontacts.provider"
110-->src/main/AndroidManifest.xml:99:4-51
111            android:exported="false"
111-->src/main/AndroidManifest.xml:100:4-28
112            android:grantUriPermissions="true" >
112-->src/main/AndroidManifest.xml:101:4-38
113            <meta-data
113-->src/main/AndroidManifest.xml:102:4-104:45
114                android:name="android.support.FILE_PROVIDER_PATHS"
114-->src/main/AndroidManifest.xml:103:5-55
115                android:resource="@xml/provider_paths" />
115-->src/main/AndroidManifest.xml:104:5-43
116        </provider>
117    </application>
118
119</manifest>